<?xml version="1.0" encoding="UTF-8"?>
<testng-results ignored="0" total="1" passed="1" failed="0" skipped="0">
  <reporter-output>
  </reporter-output>
  <suite started-at="2023-07-05T10:06:40 IST" name="Suite" finished-at="2023-07-05T10:07:05 IST" duration-ms="25434">
    <groups>
    </groups>
    <test started-at="2023-07-05T10:06:40 IST" name="Test" finished-at="2023-07-05T10:07:05 IST" duration-ms="25434">
      <class name="testCase.TC_00loginVtiger_Test">
        <test-method is-config="true" signature="cofigclass()[pri:0, instance:testCase.TC_00loginVtiger_Test@6e6f2380]" started-at="2023-07-05T10:06:41 IST" name="cofigclass" finished-at="2023-07-05T10:06:41 IST" duration-ms="28" status="PASS">
          <reporter-output>
          </reporter-output>
        </test-method> <!-- cofigclass -->
        <test-method is-config="true" signature="launchBrowser()[pri:0, instance:testCase.TC_00loginVtiger_Test@6e6f2380]" started-at="2023-07-05T10:06:41 IST" name="launchBrowser" finished-at="2023-07-05T10:06:48 IST" duration-ms="7788" status="PASS">
          <reporter-output>
          </reporter-output>
        </test-method> <!-- launchBrowser -->
        <test-method signature="TC_00()[pri:0, instance:testCase.TC_00loginVtiger_Test@6e6f2380]" started-at="2023-07-05T10:06:48 IST" name="TC_00" finished-at="2023-07-05T10:06:56 IST" duration-ms="7477" status="PASS">
          <reporter-output>
          </reporter-output>
        </test-method> <!-- TC_00 -->
        <test-method is-config="true" signature="aftermeth()[pri:0, instance:testCase.TC_00loginVtiger_Test@6e6f2380]" started-at="2023-07-05T10:06:56 IST" name="aftermeth" finished-at="2023-07-05T10:07:05 IST" duration-ms="9503" status="PASS">
          <reporter-output>
          </reporter-output>
        </test-method> <!-- aftermeth -->
      </class> <!-- testCase.TC_00loginVtiger_Test -->
    </test> <!-- Test -->
  </suite> <!-- Suite -->
</testng-results>
